<?xml version="1.0" encoding="UTF-8"?>
<testsuites>
	<testsuite errors="0" failures="0" file=".py" name="TestSomething-20200725194348" skipped="0" tests="1" time="0.001" timestamp="2020-07-25T19:43:48">
		<testcase classname="TestSomething" file="/local_disk0/tmp/1595701046311-0/PythonShell.py" line="3" name="test_this" time="0.001" timestamp="2020-07-25T19:43:48">
			<system-out>
<![CDATA[]]>			</system-out>
			<system-err>
<![CDATA[]]>			</system-err>
		</testcase>
	</testsuite>
</testsuites>
